[0.054s] Invoking command in '/home/nelson/ros2_ws/src/my_cpp_pkg/build/my_cpp_pkg': /usr/bin/cmake /home/nelson/ros2_ws/src/my_cpp_pkg -DCMAKE_INSTALL_PREFIX=/home/nelson/ros2_ws/src/my_cpp_pkg/install/my_cpp_pkg
[1.234s] -- The C compiler identification is GNU 11.4.0
[1.822s] -- The CXX compiler identification is GNU 11.4.0
[1.862s] -- Detecting C compiler ABI info
[2.217s] -- Detecting C compiler ABI info - done
[2.241s] -- Check for working C compiler: /usr/bin/cc - skipped
[2.243s] -- Detecting C compile features
[2.246s] -- Detecting C compile features - done
[2.260s] -- Detecting CXX compiler ABI info
[2.591s] -- Detecting CXX compiler ABI info - done
[2.616s] -- Check for working CXX compiler: /usr/bin/c++ - skipped
[2.617s] -- Detecting CXX compile features
[2.618s] -- Detecting CXX compile features - done
[2.669s] -- Found ament_cmake: 1.3.12 (/opt/ros/humble/share/ament_cmake/cmake)
[3.403s] -- Found Python3: /usr/bin/python3 (found version "3.10.12") found components: Interpreter 
[4.013s] -- Found std_msgs: 4.9.0 (/opt/ros/humble/share/std_msgs/cmake)
[4.347s] -- Found rosidl_generator_c: 3.1.8 (/opt/ros/humble/share/rosidl_generator_c/cmake)
[4.397s] -- Found rosidl_adapter: 3.1.8 (/opt/ros/humble/share/rosidl_adapter/cmake)
[4.526s] -- Found rosidl_generator_cpp: 3.1.8 (/opt/ros/humble/share/rosidl_generator_cpp/cmake)
[4.621s] -- Using all available rosidl_typesupport_c: rosidl_typesupport_fastrtps_c;rosidl_typesupport_introspection_c
[4.741s] -- Using all available rosidl_typesupport_cpp: rosidl_typesupport_fastrtps_cpp;rosidl_typesupport_introspection_cpp
[5.124s] Error parsing '/home/nelson/ros2_ws/src/my_cpp_pkg/package.xml':
[5.332s] Traceback (most recent call last):
[5.332s]   File "/opt/ros/humble/share/ament_cmake_core/cmake/core/package_xml_2_cmake.py", line 150, in <module>
[5.333s]     main()
[5.333s]   File "/opt/ros/humble/share/ament_cmake_core/cmake/core/package_xml_2_cmake.py", line 53, in main
[5.333s]     raise e
[5.334s]   File "/opt/ros/humble/share/ament_cmake_core/cmake/core/package_xml_2_cmake.py", line 49, in main
[5.334s]     package = parse_package_string(
[5.335s]   File "/usr/lib/python3/dist-packages/catkin_pkg/package.py", line 786, in parse_package_string
[5.337s]     raise InvalidPackage('Error(s):%s' % (''.join(['\n- %s' % e for e in errors])), filename)
[5.338s] catkin_pkg.package.InvalidPackage: Error(s) in package '/home/nelson/ros2_ws/src/my_cpp_pkg/package.xml':
[5.339s] Error(s):
[5.340s] - The generic dependency on 'std_msgs' is redundant with: exec_depend
[5.415s] [31mCMake Error at /opt/ros/humble/share/ament_cmake_core/cmake/core/ament_package_xml.cmake:95 (message):
[5.415s]   execute_process(/usr/bin/python3
[5.416s]   /opt/ros/humble/share/ament_cmake_core/cmake/core/package_xml_2_cmake.py
[5.416s]   /home/nelson/ros2_ws/src/my_cpp_pkg/package.xml
[5.416s]   /home/nelson/ros2_ws/src/my_cpp_pkg/build/my_cpp_pkg/ament_cmake_core/package.cmake)
[5.417s]   returned error code 1
[5.417s] Call Stack (most recent call first):
[5.417s]   /opt/ros/humble/share/ament_cmake_core/cmake/core/ament_package_xml.cmake:49 (_ament_package_xml)
[5.418s]   /opt/ros/humble/share/ament_cmake_core/cmake/core/ament_package.cmake:63 (ament_package_xml)
[5.418s]   CMakeLists.txt:25 (ament_package)
[5.418s] 
[5.419s] [0m
[5.419s] -- Configuring incomplete, errors occurred!
[5.419s] See also "/home/nelson/ros2_ws/src/my_cpp_pkg/build/my_cpp_pkg/CMakeFiles/CMakeOutput.log".
[5.443s] Invoked command in '/home/nelson/ros2_ws/src/my_cpp_pkg/build/my_cpp_pkg' returned '1': /usr/bin/cmake /home/nelson/ros2_ws/src/my_cpp_pkg -DCMAKE_INSTALL_PREFIX=/home/nelson/ros2_ws/src/my_cpp_pkg/install/my_cpp_pkg
